<html>
<body>
<pre>
<h1>Vision Build Log</h1>
<h2>Project:</h2>
E:\51单片机程序\自动翻盖小盒设计\project\AutoBox.uvproj
Project File Date:  08/13/2016

<h2>Output:</h2>
Build target 'Target 1'
assembling STARTUP.A51...
compiling main.c...
linking...
*** WARNING L16: UNCALLED SEGMENT, IGNORED FOR OVERLAY PROCESS
    SEGMENT: ?PR?READ_TIMER0?MAIN
Program Size: data=9.0 xdata=0 code=58
creating hex file from "..\obj\AutoBox"...
"..\obj\AutoBox" - 0 Error(s), 1 Warning(s).
Build target 'Target 1'
linking...
*** WARNING L16: UNCALLED SEGMENT, IGNORED FOR OVERLAY PROCESS
    SEGMENT: ?PR?READ_TIMER0?MAIN
Program Size: data=9.0 xdata=0 code=58
creating hex file from "..\obj\AutoBox"...
"..\obj\AutoBox" - 0 Error(s), 1 Warning(s).
Build target 'Target 1'
compiling main.c...
linking...
*** WARNING L16: UNCALLED SEGMENT, IGNORED FOR OVERLAY PROCESS
    SEGMENT: ?PR?READ_TIMER0?MAIN
Program Size: data=9.0 xdata=0 code=55
creating hex file from "..\obj\AutoBox"...
"..\obj\AutoBox" - 0 Error(s), 1 Warning(s).
Build target 'Target 1'
compiling main.c...
..\USER\MAIN.C(10): warning C206: 'timer0_init': missing function-prototype
linking...
*** WARNING L1: UNRESOLVED EXTERNAL SYMBOL
    SYMBOL:  TIMER0_INIT
    MODULE:  ..\obj\main.obj (MAIN)
*** WARNING L2: REFERENCE MADE TO UNRESOLVED EXTERNAL
    SYMBOL:  TIMER0_INIT
    MODULE:  ..\obj\main.obj (MAIN)
    ADDRESS: 0013H
Program Size: data=9.0 xdata=0 code=32
creating hex file from "..\obj\AutoBox"...
"..\obj\AutoBox" - 0 Error(s), 3 Warning(s).
Build target 'Target 1'
compiling main.c...
..\USER\MAIN.C(11): warning C206: 'timer0_init': missing function-prototype
linking...
*** WARNING L1: UNRESOLVED EXTERNAL SYMBOL
    SYMBOL:  TIMER0_INIT
    MODULE:  ..\obj\main.obj (MAIN)
*** WARNING L2: REFERENCE MADE TO UNRESOLVED EXTERNAL
    SYMBOL:  TIMER0_INIT
    MODULE:  ..\obj\main.obj (MAIN)
    ADDRESS: 0013H
Program Size: data=9.0 xdata=0 code=32
creating hex file from "..\obj\AutoBox"...
"..\obj\AutoBox" - 0 Error(s), 3 Warning(s).
Build target 'Target 1'
compiling main.c...
linking...
*** WARNING L1: UNRESOLVED EXTERNAL SYMBOL
    SYMBOL:  TIMER0_INIT
    MODULE:  ..\obj\main.obj (MAIN)
*** WARNING L2: REFERENCE MADE TO UNRESOLVED EXTERNAL
    SYMBOL:  TIMER0_INIT
    MODULE:  ..\obj\main.obj (MAIN)
    ADDRESS: 0013H
Program Size: data=9.0 xdata=0 code=32
creating hex file from "..\obj\AutoBox"...
"..\obj\AutoBox" - 0 Error(s), 2 Warning(s).
Build target 'Target 1'
linking...
*** WARNING L1: UNRESOLVED EXTERNAL SYMBOL
    SYMBOL:  TIMER0_INIT
    MODULE:  ..\obj\main.obj (MAIN)
*** WARNING L2: REFERENCE MADE TO UNRESOLVED EXTERNAL
    SYMBOL:  TIMER0_INIT
    MODULE:  ..\obj\main.obj (MAIN)
    ADDRESS: 0013H
Program Size: data=9.0 xdata=0 code=32
creating hex file from "..\obj\AutoBox"...
"..\obj\AutoBox" - 0 Error(s), 2 Warning(s).
Build target 'Target 1'
compiling main.c...
linking...
*** WARNING L1: UNRESOLVED EXTERNAL SYMBOL
    SYMBOL:  TIMER0_INIT
    MODULE:  ..\obj\main.obj (MAIN)
*** WARNING L2: REFERENCE MADE TO UNRESOLVED EXTERNAL
    SYMBOL:  TIMER0_INIT
    MODULE:  ..\obj\main.obj (MAIN)
    ADDRESS: 0013H
Program Size: data=9.0 xdata=0 code=32
creating hex file from "..\obj\AutoBox"...
"..\obj\AutoBox" - 0 Error(s), 2 Warning(s).
Build target 'Target 1'
compiling main.c...
linking...
*** WARNING L1: UNRESOLVED EXTERNAL SYMBOL
    SYMBOL:  READ_TIMER0
    MODULE:  ..\obj\main.obj (MAIN)
*** WARNING L1: UNRESOLVED EXTERNAL SYMBOL
    SYMBOL:  TIMER0_INIT
    MODULE:  ..\obj\main.obj (MAIN)
*** WARNING L2: REFERENCE MADE TO UNRESOLVED EXTERNAL
    SYMBOL:  TIMER0_INIT
    MODULE:  ..\obj\main.obj (MAIN)
    ADDRESS: 0013H
*** WARNING L2: REFERENCE MADE TO UNRESOLVED EXTERNAL
    SYMBOL:  READ_TIMER0
    MODULE:  ..\obj\main.obj (MAIN)
    ADDRESS: 0016H
Program Size: data=9.0 xdata=0 code=35
creating hex file from "..\obj\AutoBox"...
"..\obj\AutoBox" - 0 Error(s), 4 Warning(s).
Build target 'Target 1'
compiling main.c...
linking...
*** WARNING L1: UNRESOLVED EXTERNAL SYMBOL
    SYMBOL:  READ_TIMER0
    MODULE:  ..\obj\main.obj (MAIN)
*** WARNING L1: UNRESOLVED EXTERNAL SYMBOL
    SYMBOL:  TIMER0_INIT
    MODULE:  ..\obj\main.obj (MAIN)
*** WARNING L2: REFERENCE MADE TO UNRESOLVED EXTERNAL
    SYMBOL:  TIMER0_INIT
    MODULE:  ..\obj\main.obj (MAIN)
    ADDRESS: 0013H
*** WARNING L2: REFERENCE MADE TO UNRESOLVED EXTERNAL
    SYMBOL:  READ_TIMER0
    MODULE:  ..\obj\main.obj (MAIN)
    ADDRESS: 0016H
Program Size: data=9.0 xdata=0 code=35
creating hex file from "..\obj\AutoBox"...
"..\obj\AutoBox" - 0 Error(s), 4 Warning(s).
Build target 'Target 1'
compiling timer0.c...
linking...
Program Size: data=9.0 xdata=0 code=58
creating hex file from "..\obj\AutoBox"...
"..\obj\AutoBox" - 0 Error(s), 0 Warning(s).
Build target 'Target 1'
compiling main.c...
..\USER\MAIN.C(38): warning C206: 'clear_timer0': missing function-prototype
..\USER\MAIN.C(62): error C141: syntax error near ')'
Target not created
Build target 'Target 1'
compiling main.c...
..\USER\MAIN.C(38): warning C206: 'clear_timer0': missing function-prototype
..\USER\MAIN.C(62): error C141: syntax error near ')'
compiling timer0.c...
Target not created
Build target 'Target 1'
compiling main.c...
..\USER\MAIN.C(62): error C141: syntax error near ')'
Target not created
Build target 'Target 1'
compiling main.c...
linking...
Program Size: data=20.1 xdata=0 code=309
creating hex file from "..\obj\AutoBox"...
"..\obj\AutoBox" - 0 Error(s), 0 Warning(s).
Build target 'Target 1'
compiling main.c...
..\USER\MAIN.C(67): warning C206: 'IR_recv_status': missing function-prototype
..\USER\MAIN.C(67): error C267: 'IR_recv_status': requires ANSI-style prototype
Target not created
Build target 'Target 1'
compiling main.c...
linking...
Program Size: data=22.1 xdata=0 code=428
creating hex file from "..\obj\AutoBox"...
"..\obj\AutoBox" - 0 Error(s), 0 Warning(s).
Build target 'Target 1'
compiling main.c...
..\USER\MAIN.C(42): error C202: 'INT0': undefined identifier
..\USER\MAIN.C(49): error C202: 'MOTOR_STOP': undefined identifier
..\USER\MAIN.C(53): error C181: incompatible operand
..\USER\MAIN.C(130): error C202: 'MOTOR_STOP': undefined identifier
..\USER\MAIN.C(135): error C202: 'MOTOR_STOP': undefined identifier
compiling motor.c...
Target not created
Build target 'Target 1'
compiling main.c...
..\USER\MAIN.C(42): error C202: 'P3_2': undefined identifier
..\USER\MAIN.C(49): error C202: 'MOTOR_STOP': undefined identifier
..\USER\MAIN.C(53): error C181: incompatible operand
..\USER\MAIN.C(130): error C202: 'MOTOR_STOP': undefined identifier
..\USER\MAIN.C(135): error C202: 'MOTOR_STOP': undefined identifier
Target not created
Build target 'Target 1'
compiling main.c...
..\USER\MAIN.C(56): error C202: 'MOTOR_STOP': undefined identifier
..\USER\MAIN.C(61): error C181: incompatible operand
..\USER\MAIN.C(138): error C202: 'MOTOR_STOP': undefined identifier
..\USER\MAIN.C(143): error C202: 'MOTOR_STOP': undefined identifier
Target not created
Build target 'Target 1'
compiling main.c...
..\USER\MAIN.C(57): error C202: 'MOTOR_STOP': undefined identifier
..\USER\MAIN.C(62): error C181: incompatible operand
..\USER\MAIN.C(139): error C202: 'MOTOR_STOP': undefined identifier
..\USER\MAIN.C(144): error C202: 'MOTOR_STOP': undefined identifier
Target not created
Build target 'Target 1'
compiling main.c...
..\USER\MAIN.C(57): error C202: 'MOTOR_STOP': undefined identifier
..\USER\MAIN.C(62): error C181: incompatible operand
..\USER\MAIN.C(139): error C202: 'MOTOR_STOP': undefined identifier
..\USER\MAIN.C(144): error C202: 'MOTOR_STOP': undefined identifier
compiling motor.c...
Target not created
Build target 'Target 1'
compiling main.c...
..\USER\MAIN.C(62): error C181: incompatible operand
compiling motor.c...
Target not created
Build target 'Target 1'
compiling main.c...
linking...
Program Size: data=24.1 xdata=0 code=642
creating hex file from "..\obj\AutoBox"...
"..\obj\AutoBox" - 0 Error(s), 0 Warning(s).
Build target 'Target 1'
compiling main.c...
linking...
Program Size: data=24.1 xdata=0 code=657
creating hex file from "..\obj\AutoBox"...
"..\obj\AutoBox" - 0 Error(s), 0 Warning(s).
Build target 'Target 1'
compiling main.c...
..\USER\MAIN.C(58): error C208: '_Motor_init': too many actual parameters
compiling motor.c...
..\USER\MOTOR.C(11): warning C280: 'status': unreferenced local variable
Target not created
Build target 'Target 1'
compiling main.c...
..\USER\MAIN.C(140): warning C206: 'set_Motor': missing function-prototype
..\USER\MAIN.C(140): error C267: 'set_Motor': requires ANSI-style prototype
Target not created
Build target 'Target 1'
compiling main.c...
linking...
Program Size: data=31.1 xdata=0 code=736
creating hex file from "..\obj\AutoBox"...
"..\obj\AutoBox" - 0 Error(s), 0 Warning(s).
Build target 'Target 1'
compiling main.c...
compiling motor.c...
..\USER\MOTOR.C(5): warning C206: 'memset': missing function-prototype
..\USER\MOTOR.C(5): error C267: 'memset': requires ANSI-style prototype
Target not created
Build target 'Target 1'
compiling main.c...
compiling motor.c...
..\USER\MOTOR.C(5): warning C206: 'memset': missing function-prototype
..\USER\MOTOR.C(5): error C267: 'memset': requires ANSI-style prototype
Target not created
Build target 'Target 1'
compiling main.c...
..\USER\MAIN.C(44): warning C206: 'memset': missing function-prototype
..\USER\MAIN.C(44): error C267: 'memset': requires ANSI-style prototype
compiling motor.c...
..\USER\MOTOR.C(13): warning C280: 'status': unreferenced local variable
Target not created
Build target 'Target 1'
compiling main.c...
linking...
Program Size: data=31.1 xdata=0 code=741
creating hex file from "..\obj\AutoBox"...
"..\obj\AutoBox" - 0 Error(s), 0 Warning(s).
Build target 'Target 1'
compiling main.c...
linking...
Program Size: data=31.1 xdata=0 code=741
creating hex file from "..\obj\AutoBox"...
"..\obj\AutoBox" - 0 Error(s), 0 Warning(s).
Build target 'Target 1'
compiling main.c...
linking...
Program Size: data=29.1 xdata=0 code=736
creating hex file from "..\obj\AutoBox"...
"..\obj\AutoBox" - 0 Error(s), 0 Warning(s).
Build target 'Target 1'
compiling adc.c...
..\USER\ADC.C(73): error C129: missing ';' before 'GetADCResult'
Target not created
Build target 'Target 1'
compiling adc.c...
..\USER\ADC.C(29): error C231: 'T2H': redefinition
..\USER\ADC.C(30): error C231: 'T2L': redefinition
..\USER\ADC.C(32): error C231: 'P1M1': redefinition
..\USER\ADC.C(33): error C231: 'P1M0': redefinition
..\USER\ADC.C(34): error C231: 'P0M1': redefinition
..\USER\ADC.C(35): error C231: 'P0M0': redefinition
..\USER\ADC.C(36): error C231: 'P2M1': redefinition
..\USER\ADC.C(37): error C231: 'P2M0': redefinition
..\USER\ADC.C(38): error C231: 'P3M1': redefinition
..\USER\ADC.C(39): error C231: 'P3M0': redefinition
..\USER\ADC.C(40): error C231: 'P4M1': redefinition
..\USER\ADC.C(41): error C231: 'P4M0': redefinition
..\USER\ADC.C(42): error C231: 'P5M1': redefinition
..\USER\ADC.C(43): error C231: 'P5M0': redefinition
..\USER\ADC.C(44): error C231: 'P6M1': redefinition
..\USER\ADC.C(45): error C231: 'P6M0': redefinition
..\USER\ADC.C(46): error C231: 'P7M1': redefinition
..\USER\ADC.C(47): error C231: 'P7M0': redefinition
..\USER\ADC.C(49): error C231: 'AUXR': redefinition
..\USER\ADC.C(51): error C231: 'ADC_CONTR': redefinition
..\USER\ADC.C(52): error C231: 'ADC_RES': redefinition
..\USER\ADC.C(54): error C231: 'P1ASF': redefinition
..\USER\ADC.C(73): error C236: '_GetADCResult': different length of parameter lists
Target not created
Build target 'Target 1'
compiling adc.c...
..\USER\ADC.C(42): error C236: '_GetADCResult': different length of parameter lists
Target not created
Build target 'Target 1'
compiling adc.c...
linking...
*** WARNING L16: UNCALLED SEGMENT, IGNORED FOR OVERLAY PROCESS
    SEGMENT: ?PR?GETADCRESULT?ADC
*** WARNING L16: UNCALLED SEGMENT, IGNORED FOR OVERLAY PROCESS
    SEGMENT: ?PR?INITADC?ADC
Program Size: data=29.1 xdata=0 code=796
creating hex file from "..\obj\AutoBox"...
"..\obj\AutoBox" - 0 Error(s), 2 Warning(s).
Build target 'Target 1'
compiling main.c...
..\INCLUDE\ADC.H(8): error C141: syntax error near 'n', expected ')'
compiling adc.c...
..\INCLUDE\ADC.H(8): error C141: syntax error near 'n', expected ')'
Target not created
Build target 'Target 1'
compiling main.c...
..\USER\MAIN.C(63): warning C206: 'adc_init': missing function-prototype
compiling adc.c...
..\USER\ADC.C(31): error C141: syntax error near 'n', expected ')'
Target not created
Build target 'Target 1'
compiling main.c...
compiling adc.c...
..\USER\ADC.C(31): error C141: syntax error near 'n', expected ')'
Target not created
Build target 'Target 1'
compiling adc.c...
..\USER\ADC.C(67): error C202: 'WORD': undefined identifier
..\USER\ADC.C(67): error C141: syntax error near 'x'
..\USER\ADC.C(71): error C202: 'x': undefined identifier
..\USER\ADC.C(72): error C202: 'x': undefined identifier
Target not created
Build target 'Target 1'
compiling adc.c...
linking...
*** WARNING L16: UNCALLED SEGMENT, IGNORED FOR OVERLAY PROCESS
    SEGMENT: ?PR?INITADC?ADC
*** WARNING L1: UNRESOLVED EXTERNAL SYMBOL
    SYMBOL:  ADC_INIT
    MODULE:  ..\obj\main.obj (MAIN)
*** WARNING L2: REFERENCE MADE TO UNRESOLVED EXTERNAL
    SYMBOL:  ADC_INIT
    MODULE:  ..\obj\main.obj (MAIN)
    ADDRESS: 0296H
Program Size: data=29.1 xdata=0 code=802
creating hex file from "..\obj\AutoBox"...
"..\obj\AutoBox" - 0 Error(s), 3 Warning(s).
